SF:lib\services\api_service.dart
DA:10,7
DA:13,5
DA:15,15
DA:17,10
DA:18,10
DA:19,5
DA:21,3
DA:25,2
DA:27,1
DA:32,1
DA:34,4
DA:36,2
DA:37,2
DA:39,3
DA:43,2
DA:49,2
DA:51,6
DA:52,2
DA:53,2
DA:57,6
DA:59,6
DA:61,8
DA:63,8
DA:64,12
DA:66,0
DA:67,0
DA:70,4
DA:73,2
DA:74,0
DA:75,0
DA:77,0
DA:82,6
DA:86,4
DA:92,5
DA:94,15
DA:96,10
DA:97,10
DA:98,5
DA:100,3
DA:104,2
DA:106,1
DA:111,1
DA:113,4
DA:115,2
DA:116,2
DA:118,3
DA:122,2
DA:128,1
DA:130,3
DA:132,2
DA:133,2
DA:134,1
DA:136,3
DA:140,2
DA:146,1
DA:147,1
DA:148,1
DA:149,1
DA:150,1
DA:154,1
DA:155,1
DA:156,1
DA:157,1
DA:158,1
LF:64
LH:59
end_of_record
SF:lib\main.dart
DA:7,1
DA:8,1
DA:12,9
DA:14,2
DA:16,2
DA:19,2
DA:20,2
DA:24,2
DA:25,2
DA:26,1
DA:27,1
DA:28,1
LF:12
LH:12
end_of_record
SF:lib\screens\home_screen.dart
DA:8,8
DA:10,3
DA:11,3
DA:17,0
DA:18,0
DA:19,0
DA:23,3
DA:25,3
DA:26,3
DA:30,3
DA:32,3
DA:34,3
DA:43,3
DA:44,3
DA:45,3
DA:46,3
DA:49,0
DA:50,0
DA:51,0
DA:56,3
DA:57,3
DA:60,2
DA:64,3
DA:65,3
DA:68,0
DA:80,3
DA:81,9
DA:82,3
DA:83,3
DA:84,9
DA:85,3
DA:88,6
DA:93,3
DA:94,3
DA:95,3
DA:96,9
DA:97,3
DA:100,6
DA:112,3
DA:113,3
DA:114,3
DA:115,6
DA:116,3
DA:118,2
DA:123,3
DA:124,9
DA:125,3
DA:126,3
DA:127,6
DA:128,3
DA:129,2
LF:51
LH:44
end_of_record
SF:lib\screens\refugee_list_screen.dart
DA:7,8
DA:9,2
DA:10,2
DA:16,2
DA:18,2
DA:19,2
DA:22,2
DA:23,4
DA:24,4
DA:28,2
DA:30,2
DA:31,2
DA:32,2
DA:33,2
DA:34,2
DA:35,4
DA:38,2
DA:39,2
DA:40,1
DA:41,0
DA:42,0
DA:43,0
DA:45,1
DA:47,3
DA:48,1
DA:49,1
LF:26
LH:23
end_of_record
SF:lib\screens\shelter_list_screen.dart
DA:7,8
DA:9,2
DA:11,2
DA:12,2
DA:13,2
DA:14,2
DA:15,2
DA:16,4
DA:19,2
DA:20,2
DA:21,1
DA:23,3
DA:24,1
DA:25,1
LF:14
LH:14
end_of_record
SF:lib\screens\add_refugee_screen.dart
DA:6,8
DA:8,2
DA:9,2
DA:27,2
DA:29,4
DA:30,4
DA:31,4
DA:32,4
DA:33,4
DA:34,4
DA:35,4
DA:36,4
DA:37,4
DA:38,2
DA:41,1
DA:42,3
DA:44,1
DA:45,3
DA:46,3
DA:47,4
DA:48,1
DA:49,3
DA:50,3
DA:51,7
DA:52,3
DA:53,3
DA:54,4
DA:55,1
DA:59,1
DA:60,1
DA:61,3
DA:62,3
DA:64,1
DA:65,6
DA:69,2
DA:71,2
DA:72,2
DA:73,2
DA:75,2
DA:76,2
DA:77,2
DA:79,2
DA:80,2
DA:81,2
DA:83,3
DA:86,2
DA:87,2
DA:89,3
DA:92,2
DA:93,2
DA:96,1
DA:97,2
DA:98,1
DA:99,1
DA:104,2
DA:105,2
DA:111,4
DA:115,4
DA:117,4
DA:119,2
DA:120,2
DA:125,2
DA:127,2
DA:128,4
DA:131,2
DA:132,2
DA:137,4
DA:139,2
DA:140,2
DA:145,2
DA:146,2
LF:71
LH:71
end_of_record
SF:lib\widgets\refugee_card.dart
DA:5,2
DA:7,2
DA:10,4
DA:11,4
DA:12,4
DA:13,2
DA:16,6
DA:17,4
DA:18,4
DA:19,6
DA:22,2
DA:23,6
DA:24,2
DA:25,2
DA:27,2
DA:28,2
DA:30,2
DA:31,4
LF:18
LH:18
end_of_record
SF:lib\widgets\shelter_card.dart
DA:5,2
DA:7,2
DA:9,4
DA:10,4
DA:11,4
DA:12,4
DA:13,4
DA:16,2
DA:17,2
DA:21,4
DA:22,2
DA:24,2
DA:25,2
DA:27,2
DA:28,2
DA:30,2
DA:31,4
DA:32,2
DA:33,2
LF:19
LH:19
end_of_record
