SF:lib\models\assignment.dart
DA:14,4
DA:26,3
DA:27,3
DA:28,3
DA:29,1
DA:30,3
DA:31,1
DA:34,3
DA:35,6
DA:36,6
DA:37,6
DA:38,6
DA:39,6
DA:40,4
DA:41,4
DA:42,3
DA:43,3
DA:44,3
DA:49,3
DA:51,3
DA:52,0
DA:53,0
DA:57,3
DA:59,3
DA:60,0
DA:61,0
DA:65,4
DA:66,8
DA:67,4
DA:71,4
DA:72,8
DA:73,4
DA:77,4
DA:78,4
DA:79,4
DA:81,2
DA:83,1
DA:86,0
DA:90,4
DA:91,4
DA:92,4
DA:94,2
DA:96,1
DA:103,4
DA:104,4
DA:105,4
DA:107,2
DA:109,1
DA:116,12
DA:124,1
DA:130,1
DA:131,1
DA:132,2
DA:133,2
DA:134,2
DA:138,1
DA:140,1
DA:141,0
DA:142,0
DA:146,1
DA:148,1
DA:149,0
DA:150,0
DA:154,0
LF:64
LH:54
end_of_record
SF:lib\main.dart
DA:7,1
DA:8,1
DA:12,14
DA:14,2
DA:16,2
DA:19,2
DA:20,2
DA:24,2
DA:25,2
DA:26,1
DA:27,1
DA:28,1
LF:12
LH:12
end_of_record
SF:lib\screens\home_screen.dart
DA:8,13
DA:10,3
DA:11,3
DA:17,0
DA:18,0
DA:19,0
DA:23,3
DA:25,3
DA:26,3
DA:30,3
DA:32,3
DA:34,3
DA:43,3
DA:44,3
DA:45,3
DA:46,3
DA:49,0
DA:50,0
DA:51,0
DA:56,3
DA:57,3
DA:60,2
DA:64,3
DA:65,3
DA:68,0
DA:80,3
DA:81,9
DA:82,3
DA:83,3
DA:84,9
DA:85,3
DA:88,6
DA:93,3
DA:94,3
DA:95,3
DA:96,9
DA:97,3
DA:100,6
DA:112,3
DA:113,3
DA:114,3
DA:115,6
DA:116,3
DA:118,2
DA:123,3
DA:124,9
DA:125,3
DA:126,3
DA:127,6
DA:128,3
DA:129,2
LF:51
LH:44
end_of_record
SF:lib\screens\refugee_list_screen.dart
DA:7,13
DA:9,2
DA:10,2
DA:16,2
DA:18,2
DA:19,2
DA:22,2
DA:23,4
DA:24,4
DA:28,2
DA:30,2
DA:31,2
DA:32,2
DA:33,2
DA:34,2
DA:35,4
DA:38,2
DA:39,2
DA:40,1
DA:41,0
DA:42,0
DA:43,0
DA:45,1
DA:47,3
DA:48,1
DA:49,1
LF:26
LH:23
end_of_record
SF:lib\screens\shelter_list_screen.dart
DA:7,13
DA:9,2
DA:11,2
DA:12,2
DA:13,2
DA:14,2
DA:15,2
DA:16,4
DA:19,2
DA:20,4
DA:22,2
DA:23,2
DA:24,1
DA:26,3
DA:27,1
DA:28,1
LF:16
LH:16
end_of_record
SF:lib\screens\add_refugee_screen.dart
DA:7,13
DA:9,2
DA:10,2
DA:28,2
DA:30,4
DA:31,4
DA:32,4
DA:33,4
DA:34,4
DA:35,4
DA:36,4
DA:37,4
DA:38,4
DA:39,2
DA:45,1
DA:46,3
DA:48,3
DA:50,1
DA:51,3
DA:52,3
DA:53,4
DA:54,1
DA:55,3
DA:56,3
DA:57,7
DA:58,7
DA:59,7
DA:60,4
DA:61,1
DA:66,1
DA:67,1
DA:69,3
DA:71,1
DA:74,1
DA:76,3
DA:77,1
DA:78,3
DA:79,1
DA:80,2
DA:87,1
DA:88,1
DA:89,1
DA:91,2
DA:92,1
DA:93,1
DA:94,1
DA:95,1
DA:96,2
DA:99,1
DA:102,1
DA:103,1
DA:104,3
DA:105,1
DA:110,1
DA:111,1
DA:112,1
DA:113,1
DA:114,1
DA:115,1
DA:117,1
DA:119,1
DA:120,1
DA:121,1
DA:122,1
DA:123,1
DA:124,2
DA:127,1
DA:128,1
DA:129,2
DA:130,2
DA:135,1
DA:136,1
DA:137,1
DA:138,1
DA:139,1
DA:141,2
DA:142,2
DA:145,1
DA:146,1
DA:147,1
DA:149,2
DA:157,1
DA:158,1
DA:159,1
DA:160,2
DA:161,2
DA:163,1
DA:165,1
DA:166,1
DA:167,1
DA:168,1
DA:169,2
DA:170,2
DA:171,1
DA:172,2
DA:184,1
DA:185,1
DA:186,1
DA:187,1
DA:188,1
DA:189,1
DA:190,2
DA:192,1
DA:193,1
DA:194,1
DA:196,2
DA:198,1
DA:199,1
DA:200,3
DA:201,1
DA:212,2
DA:214,2
DA:215,2
DA:216,2
DA:218,2
DA:219,2
DA:220,2
DA:222,2
DA:223,2
DA:224,2
DA:226,3
DA:229,2
DA:230,2
DA:232,3
DA:235,2
DA:236,2
DA:239,1
DA:240,2
DA:241,1
DA:242,1
DA:247,2
DA:248,2
DA:254,4
DA:258,4
DA:260,4
DA:262,2
DA:263,2
DA:268,2
DA:270,2
DA:271,4
DA:274,2
DA:275,2
DA:280,4
DA:282,2
DA:283,2
DA:288,2
DA:289,2
LF:147
LH:147
end_of_record
SF:lib\models\refugee.dart
DA:17,4
DA:34,3
DA:35,3
DA:36,6
DA:37,6
DA:38,6
DA:39,6
DA:40,4
DA:41,4
DA:42,4
DA:43,4
DA:44,12
DA:45,6
DA:46,4
DA:47,6
DA:48,3
DA:49,3
DA:51,3
DA:52,3
DA:57,3
DA:59,3
DA:60,2
DA:61,2
DA:65,3
DA:67,1
DA:68,2
DA:69,2
DA:73,1
DA:74,1
DA:75,1
DA:76,1
DA:77,1
DA:78,1
DA:79,1
DA:80,1
DA:81,1
DA:82,1
DA:83,1
DA:84,1
DA:85,1
DA:89,16
DA:90,12
LF:42
LH:42
end_of_record
SF:lib\models\refugee_assignment_response.dart
DA:8,3
DA:13,2
DA:14,2
DA:15,4
DA:16,4
LF:5
LH:5
end_of_record
SF:lib\services\api_service.dart
DA:10,8
DA:13,5
DA:15,15
DA:17,10
DA:18,10
DA:19,5
DA:21,0
DA:25,0
DA:31,1
DA:33,4
DA:35,2
DA:36,2
DA:38,3
DA:42,2
DA:48,1
DA:52,2
DA:53,1
DA:54,1
DA:55,1
DA:59,3
DA:61,3
DA:63,4
DA:65,4
DA:66,6
DA:68,1
DA:69,1
DA:72,2
DA:75,1
DA:76,1
DA:77,0
DA:79,1
DA:84,3
DA:88,2
DA:94,2
DA:98,4
DA:99,2
DA:100,2
DA:101,2
DA:105,6
DA:107,6
DA:109,8
DA:110,4
DA:112,2
DA:113,6
DA:118,4
DA:124,5
DA:126,15
DA:128,10
DA:129,10
DA:130,5
DA:132,3
DA:136,2
DA:142,1
DA:144,4
DA:146,2
DA:147,2
DA:149,3
DA:153,2
DA:159,1
DA:161,2
DA:162,1
DA:165,2
DA:166,2
DA:167,1
DA:169,1
DA:170,2
DA:175,2
DA:181,2
DA:185,4
DA:186,4
DA:189,4
DA:190,4
DA:191,2
DA:193,6
DA:197,4
DA:203,0
DA:204,0
DA:205,0
DA:206,0
DA:207,0
DA:211,0
DA:212,0
DA:213,0
DA:214,0
DA:215,0
LF:85
LH:72
end_of_record
SF:lib\screens\assignment_detail_screen.dart
DA:7,3
DA:12,3
DA:14,6
DA:15,6
DA:17,3
DA:18,3
DA:19,9
DA:21,3
DA:22,3
DA:24,3
DA:26,3
DA:27,3
DA:28,3
DA:29,3
DA:30,3
DA:31,3
DA:34,3
DA:35,9
DA:36,3
DA:39,3
DA:40,3
DA:41,3
DA:42,3
DA:47,3
DA:48,3
DA:49,9
DA:50,3
DA:52,3
DA:60,3
DA:61,3
DA:62,3
DA:64,3
DA:65,3
DA:66,3
DA:68,3
DA:69,3
DA:70,3
DA:71,3
DA:72,3
DA:73,3
DA:75,3
DA:82,3
DA:83,3
DA:85,3
DA:86,3
DA:87,3
DA:88,3
DA:90,3
DA:91,3
DA:92,3
DA:95,3
DA:99,3
DA:100,3
DA:101,3
DA:102,6
DA:103,3
DA:105,3
DA:106,3
DA:107,6
DA:108,3
DA:109,3
DA:122,3
DA:123,3
DA:124,3
DA:125,3
DA:126,3
DA:127,3
DA:130,3
DA:131,3
DA:132,3
DA:136,3
DA:137,3
DA:138,3
DA:141,3
DA:142,9
DA:152,3
DA:153,3
DA:154,3
DA:156,3
DA:157,3
DA:158,3
DA:160,3
DA:161,3
DA:162,3
DA:163,3
DA:164,3
DA:165,3
DA:167,3
DA:174,3
DA:175,3
DA:177,3
DA:178,3
DA:179,3
DA:180,3
DA:181,6
DA:183,3
DA:184,3
DA:185,3
DA:198,6
DA:199,0
DA:200,0
DA:201,0
DA:203,0
DA:204,0
DA:205,0
DA:207,0
DA:208,0
DA:209,0
DA:210,0
DA:211,0
DA:212,0
DA:214,0
DA:221,0
DA:222,0
DA:223,0
DA:224,0
DA:225,0
DA:226,0
DA:227,0
DA:228,0
DA:229,0
DA:231,0
DA:233,0
DA:234,0
DA:235,0
DA:236,0
DA:237,0
DA:243,0
DA:244,0
DA:248,0
DA:250,0
DA:252,0
DA:253,0
DA:254,0
DA:264,0
DA:272,3
DA:273,3
DA:274,3
DA:276,3
DA:277,3
DA:278,3
DA:280,3
DA:281,3
DA:282,3
DA:283,3
DA:284,3
DA:285,3
DA:287,3
DA:294,3
DA:295,6
DA:296,3
DA:297,0
DA:298,3
DA:299,0
DA:300,3
DA:302,3
DA:303,3
DA:304,3
DA:306,3
DA:308,9
DA:316,3
DA:320,3
DA:321,3
DA:322,3
DA:324,3
DA:325,3
DA:328,3
DA:332,3
DA:333,0
DA:334,0
DA:336,3
DA:339,3
DA:341,3
DA:343,3
DA:350,3
DA:358,3
DA:360,3
DA:361,3
DA:362,3
DA:363,3
DA:364,3
DA:365,3
DA:366,3
DA:368,3
DA:370,3
DA:373,3
DA:374,3
DA:375,3
DA:376,3
DA:382,3
DA:383,3
DA:385,3
DA:387,3
DA:397,3
DA:398,3
DA:399,3
DA:400,3
DA:402,3
DA:403,3
DA:404,3
DA:405,3
DA:407,3
DA:409,3
DA:410,3
DA:411,3
DA:413,3
DA:417,3
DA:419,3
DA:421,3
LF:209
LH:169
end_of_record
SF:lib\widgets\refugee_card.dart
DA:8,3
DA:10,3
DA:13,6
DA:14,6
DA:15,6
DA:16,3
DA:19,9
DA:20,6
DA:21,6
DA:22,9
DA:25,3
DA:26,9
DA:27,3
DA:28,3
DA:30,3
DA:32,3
DA:33,3
DA:34,3
DA:36,3
DA:37,9
DA:38,3
DA:41,3
DA:43,3
DA:45,6
DA:46,3
DA:47,3
DA:49,2
DA:55,1
DA:56,2
DA:59,2
DA:60,2
DA:66,1
DA:69,2
DA:70,1
DA:71,1
DA:72,1
DA:73,1
DA:75,1
DA:76,1
DA:77,1
DA:78,1
DA:88,2
DA:90,1
DA:91,2
DA:93,1
DA:94,2
DA:95,1
DA:96,1
DA:104,1
DA:107,2
DA:108,1
DA:113,2
DA:114,1
DA:115,2
DA:119,1
DA:120,2
DA:122,2
DA:123,1
DA:124,2
LF:59
LH:59
end_of_record
SF:lib\widgets\shelter_card.dart
DA:5,3
DA:7,3
DA:9,6
DA:10,6
DA:11,6
DA:12,6
DA:13,6
DA:16,3
DA:17,3
DA:21,6
DA:22,3
DA:24,3
DA:25,3
DA:27,3
DA:28,3
DA:30,3
DA:31,6
DA:32,3
DA:33,2
LF:19
LH:19
end_of_record
